app/build/intermediates/manifest_merge_blame_file/release/manifest-merger-blame-release-report.txt
1<?xml version="1.0" encoding="utf-8"?>
2<manifest xmlns:android="http://schemas.android.com/apk/res/android"
3    package="dev.conn.assetlinkstool"
4    android:versionCode="4"
5    android:versionName="0.8.2" >
6
7    <uses-sdk
8        android:minSdkVersion="19"
8-->src/main/AndroidManifest.xml
9        android:targetSdkVersion="28" />
9-->src/main/AndroidManifest.xml
10
11    <application
11-->src/main/AndroidManifest.xml:5:5-33:19
12        android:allowBackup="true"
12-->src/main/AndroidManifest.xml:6:13-39
13        android:appComponentFactory="androidx.core.app.CoreComponentFactory"
13-->[androidx.core:core:1.0.2] AndroidManifest.xml:22:18-86
14        android:icon="@mipmap/ic_launcher"
14-->src/main/AndroidManifest.xml:7:13-47
15        android:label="@string/app_name"
15-->src/main/AndroidManifest.xml:8:13-45
16        android:roundIcon="@mipmap/ic_launcher_round"
16-->src/main/AndroidManifest.xml:9:13-58
17        android:supportsRtl="true"
17-->src/main/AndroidManifest.xml:10:13-39
18        android:theme="@style/AppTheme" >
18-->src/main/AndroidManifest.xml:11:13-44
19        <activity android:name="dev.conn.assetlinkstool.PackageDetailsActivity" >
19-->src/main/AndroidManifest.xml:13:9-14:20
19-->src/main/AndroidManifest.xml:13:19-57
20        </activity>
21        <activity android:name="dev.conn.assetlinkstool.PackageListActivity" >
21-->src/main/AndroidManifest.xml:16:9-22:20
21-->src/main/AndroidManifest.xml:16:19-54
22            <intent-filter>
22-->src/main/AndroidManifest.xml:17:13-21:29
23                <action android:name="android.intent.action.MAIN" />
23-->src/main/AndroidManifest.xml:18:17-68
23-->src/main/AndroidManifest.xml:18:25-66
24
25                <category android:name="android.intent.category.LAUNCHER" />
25-->src/main/AndroidManifest.xml:20:17-76
25-->src/main/AndroidManifest.xml:20:27-74
26            </intent-filter>
27        </activity>
28
29        <provider
29-->src/main/AndroidManifest.xml:24:9-32:20
30            android:name="androidx.core.content.FileProvider"
30-->src/main/AndroidManifest.xml:25:13-62
31            android:authorities="dev.conn.assetlinkstool.fileprovider"
31-->src/main/AndroidManifest.xml:26:13-71
32            android:exported="false"
32-->src/main/AndroidManifest.xml:28:13-37
33            android:grantUriPermissions="true" >
33-->src/main/AndroidManifest.xml:27:13-47
34            <meta-data
34-->src/main/AndroidManifest.xml:29:13-31:53
35                android:name="android.support.FILE_PROVIDER_PATHS"
35-->src/main/AndroidManifest.xml:30:17-67
36                android:resource="@xml/filepaths" />
36-->src/main/AndroidManifest.xml:31:17-50
37        </provider>
38    </application>
39
40</manifest>